-2.685567918284059488e+02
-4.568019294479643122e+02
-2.485917947845225058e+02
-3.820715111652244218e+02
-4.722560981357727314e+02
-3.265061119132728322e+02
-2.446630976570928055e+02
-3.637628099514212749e+02
-2.153082764108138178e+02
-1.776513699075794648e+02
-5.001438760586784582e+01
-6.097486300822531291e+01
-3.587075668611028334e+01
-5.079427608362611579e+01
-3.387995428102478712e+01
-1.208370229368821569e+01
-9.339578405113796578e+01
-8.459209538777210469e+01
-5.390313655015140881e+01
-2.319640271086086258e+01
1.594455084074380693e+02
2.343352594915573377e+02
4.798099244023493952e+02
2.078429810890522234e+01
6.329018934751571805e+02
2.497586878204451466e+02
5.347832301271080269e+02
4.898291089713374618e+02
7.196595332163299474e+01
9.864189785490624729e+01
6.104284671113655349e+02
-4.589295998819400069e+01
6.888104686112636443e+01
5.126927902347960497e+01
6.890919101089471610e+01
5.279068363730202407e+01
3.900833907642092413e+02
2.776860607973714536e+02
1.871053866098565521e+01
3.743676146720877114e+02
7.151735958067501997e+02
3.950808360872786693e+02
1.438221855586487209e+03
8.635400922675000857e+01
5.667783184595460853e+02
1.305454762808791884e+03
1.055247557096552526e+02
1.607340948386545278e+03
6.203990273489284846e+02
1.098162338134702622e+03
1.512635495537280121e+03
1.369094943036629275e+03
2.031728381406702056e+03
5.948694237331436625e+02
1.986305282743265025e+03
4.634012015954259027e+02
2.303274400400656759e+03
2.527950442909118465e+03
2.308109255768676121e+03
2.803597347762232403e+03
1.773289770429812734e+03
2.648818933589917037e+02
1.424952984676150436e+03
4.856219518244126334e+02
1.182000170853324562e+03
2.941130417529971055e+02
1.802678032612870993e+03
5.756154747106617151e+02
4.328058761184392438e+02
1.836494776185876617e+03
1.026760388264546464e+03
3.019497709095118353e+03
8.658145026133776128e+02
2.636428675809124798e+03
2.375751946652521383e+03
2.084135420508816424e+03
1.120105713396128294e+03
2.990474416274264968e+03
2.869096432587891741e+03
3.210087358075814336e+03
2.030143988395911492e+03
2.801816124050401413e+03
1.999690977750807406e+03
9.680701678662192080e+02
3.569553507830909439e+03
1.398364049403132412e+03
1.620233781968559697e+03
3.220290682672971343e+02
1.684249950660675040e+03
3.454734951187392653e+03
3.538751042925924594e+03
3.433580535154611425e+03
3.764011597585268191e+03
3.526782471958356382e+03
2.088418662133994530e+03
2.150620285787051671e+03
3.588473636379987056e+03
3.959203341996375002e+03
7.045565776428306890e+02
3.730601283871079886e+03
2.690310552463772183e+03
3.940080800120122149e+03
3.993828726018369707e+03
2.474016183433993774e+03
5.498734774525760258e+02
4.091710794999885366e+03
1.122081788684481353e+03
4.141795839447171602e+03
4.470310292758480500e+03
3.618295311203820802e+03
4.112927773726508349e+03
3.378313032865456080e+03
4.112216349040131718e+03
3.880678606953466442e+03
4.180738298671004486e+03
4.304697073703911883e+03
4.530644339297745319e+03
4.568037050027813166e+03
4.314415811006016156e+03
4.418160129783418597e+03
4.335256869240068227e+03
1.369852455792194405e+03
4.639038025719908546e+03
4.762279089139767166e+03
4.923234390823351532e+03
4.010891018741095650e+03
4.886573329291664777e+03
4.299089439751088321e+03
4.295188864416603792e+03
4.568298036880230939e+03
4.607049347376027981e+03
4.640407682337712686e+03
4.888685049261882341e+03
4.710920371573067314e+03
4.660479673805649327e+03
5.024132528494329563e+03
5.024683337451715488e+03
4.878501771832559825e+03
2.051483764187621091e+03
4.778841748408975945e+03
4.995088362657695143e+03
4.564229154131940049e+03
4.771360994061920792e+03
5.016160066866557827e+03
5.259478306307642015e+03
5.101138568807378761e+03
5.142189643710221389e+03
5.215919263852311815e+03
5.266293111189673255e+03
5.052440370652806450e+03
5.220263976248568724e+03
5.254434782582638036e+03
5.316167908231138426e+03
5.463873545734713844e+03
5.135897103283173237e+03
5.196998958504605071e+03
5.531515040869582663e+03
5.335238730262676654e+03
5.079928811001185750e+03
5.471560413486763537e+03
5.536204682395696182e+03
5.392892454104025092e+03
5.413018739763653684e+03
5.511316251205147637e+03
5.138922080088429539e+03
5.451627109669037964e+03
5.417073236743308371e+03
5.197996095354857971e+03
5.462365978445671317e+03
5.369983425176189485e+03
5.574044734947106008e+03
5.409839329096833353e+03
5.380482708027776425e+03
5.593314929055775792e+03
5.056256378606824001e+03
5.415412871659424127e+03
5.335946681068959151e+03
5.453824171364020913e+03
5.476860525593504462e+03
5.464049584859515562e+03
5.455755460196882268e+03
5.655591597755686962e+03
5.446097507591232898e+03
5.477661973299103920e+03
5.420406997192868403e+03
5.586306731958088676e+03
5.354017627100933169e+03
5.490039560444151903e+03
5.355071980823495323e+03
5.457458529881423601e+03
5.474250592069040067e+03
5.559535167626127077e+03
5.505492139697158564e+03
5.541181475500652596e+03
5.631629562990741761e+03
5.527480409910853268e+03
5.773400142178466012e+03
5.694802089920804974e+03
5.583103534784168005e+03
